<?xml version="1.0" encoding="UTF-8"?>
<testsuite xmlns:xsi="http://www.w3.org/2001/XMLSchema-instance" xsi:noNamespaceSchemaLocation="https://maven.apache.org/surefire/maven-surefire-plugin/xsd/surefire-test-report.xsd" name="StateTest" time="0.136" tests="8" errors="0" skipped="0" failures="0">
  <properties>
[...]
</properties>
  <testcase name="CT001" classname="StateTest" time="0.07"/>
  <testcase name="CT002" classname="StateTest" time="0.003"/>
  <testcase name="CT003" classname="StateTest" time="0.001"/>
  <testcase name="CT004" classname="StateTest" time="0.002"/>
  <testcase name="CT005" classname="StateTest" time="0.002"/>
  <testcase name="CT006" classname="StateTest" time="0.005"/>
  <testcase name="CT007" classname="StateTest" time="0.003"/>
  <testcase name="CT008" classname="StateTest" time="0.004"/>
</testsuite>